2025-04-24 20:42:05
Array
(
    [name] => DA3MI
    [image] => dami.jpg
    [fullName] => rafeh ayari
    [email] => rafeh.ayari@ensi-uma.tn
    [phone] => 53789518
    [address] => mlkjhgfds
)


2025-04-24 21:04:06
Array
(
    [name] => PIERRO
    [image] => pierro.jpg
    [fullName] => rafeh ayari
    [email] => ayarirafeh12@gmail.com
    [phone] => 53789518
    [address] => mlkjhgfd
)


2025-04-24 21:23:44
Array
(
    [name] => REX
    [image] => rex.jpg
    [fullName] => rafeh ayari
    [email] => ayairafeh12@gmail.com
    [phone] => 12345678
    [address] => mlkjhgfdsq
)


2025-04-25 22:39:23
Array
(
    [name] => DA3MI
    [image] => dami.jpg
    [fullName] => rafeh ayari
    [email] => rafeh.ayari@ensi-uma.tn
    [phone] => 53789518
    [address] => qszdefghjlkmlù
)


2025-04-25 23:03:29
Array
(
    [name] => TOM
    [image] => tom.jpg
    [fullName] => rafeh ayari
    [email] => ayarirafeh12@gmail.com
    [phone] => 53789518
    [address] => drtfugyiuhoijpo^p
)


